<?xml version="1.0" encoding="UTF-8"?>
<testng-results skipped="0" failed="0" ignored="0" total="1" passed="1">
  <reporter-output>
  </reporter-output>
  <suite name="HotwireAssignmentSuite" duration-ms="42591" started-at="2019-11-12T10:25:55 IST" finished-at="2019-11-12T10:26:37 IST">
    <groups>
    </groups>
    <test name="SearchResultsTest" duration-ms="42591" started-at="2019-11-12T10:25:55 IST" finished-at="2019-11-12T10:26:37 IST">
      <class name="flights.SearchFlightTest">
        <test-method status="PASS" signature="setUp(java.lang.String)[pri:0, instance:flights.SearchFlightTest@3a82f6ef]" name="setUp" is-config="true" duration-ms="16657" started-at="2019-11-12T10:25:55 IST" finished-at="2019-11-12T10:26:11 IST">
          <params>
            <param index="0">
              <value>
                <![CDATA[firefox]]>
              </value>
            </param>
          </params>
          <reporter-output>
          </reporter-output>
        </test-method> <!-- setUp -->
        <test-method status="PASS" signature="searchFlight()[pri:0, instance:flights.SearchFlightTest@3a82f6ef]" name="searchFlight" duration-ms="22020" started-at="2019-11-12T10:26:11 IST" finished-at="2019-11-12T10:26:33 IST">
          <reporter-output>
          </reporter-output>
        </test-method> <!-- searchFlight -->
        <test-method status="PASS" signature="tearDown()[pri:0, instance:flights.SearchFlightTest@3a82f6ef]" name="tearDown" is-config="true" duration-ms="3893" started-at="2019-11-12T10:26:33 IST" finished-at="2019-11-12T10:26:37 IST">
          <reporter-output>
          </reporter-output>
        </test-method> <!-- tearDown -->
      </class> <!-- flights.SearchFlightTest -->
    </test> <!-- SearchResultsTest -->
  </suite> <!-- HotwireAssignmentSuite -->
</testng-results>
